<?xml version="1.0" encoding="UTF-8"?>
<testng-results ignored="0" total="1" passed="1" failed="0" skipped="0">
  <reporter-output>
  </reporter-output>
  <suite started-at="2023-11-15T14:53:04 IST" name="Default suite" finished-at="2023-11-15T14:53:19 IST" duration-ms="15314">
    <groups>
    </groups>
    <test started-at="2023-11-15T14:53:04 IST" name="Default test" finished-at="2023-11-15T14:53:19 IST" duration-ms="15314">
      <class name="tests.ForgotPasswordTest">
        <test-method signature="toVerifyForgotPassword()[pri:0, instance:tests.ForgotPasswordTest@7c711375]" started-at="2023-11-15T14:53:04 IST" name="toVerifyForgotPassword" finished-at="2023-11-15T14:53:19 IST" duration-ms="15273" status="PASS">
          <reporter-output>
          </reporter-output>
        </test-method> <!-- toVerifyForgotPassword -->
      </class> <!-- tests.ForgotPasswordTest -->
    </test> <!-- Default test -->
  </suite> <!-- Default suite -->
</testng-results>
